<?xml version="1.0" encoding="UTF-8"?>
<!-- Generated by org.testng.reporters.JUnitXMLReporter -->
<testsuite hostname="HDC2-D-CBLWXJ2" ignored="0" name="Default test" tests="3" failures="0" timestamp="14 Aug 2019 08:33:12 GMT" time="1.106" errors="0">
  <testcase name="failTest" time="0.039" classname="testngdemo.ExtentReportsTest"/>
  <testcase name="passTest" time="0.004" classname="testngdemo.ExtentReportsTest"/>
  <testcase name="skipTest" time="0.002" classname="testngdemo.ExtentReportsTest">
    <skipped/>
  </testcase> <!-- skipTest -->
</testsuite> <!-- Default test -->
